#
# There is insufficient memory for the Java Runtime Environment to continue.
# Native memory allocation (malloc) failed to allocate 396576 bytes for Chunk::new
# Possible reasons:
#   The system is out of physical RAM or swap space
#   In 32 bit mode, the process size limit was hit
# Possible solutions:
#   Reduce memory load on the system
#   Increase physical memory or swap space
#   Check if swap backing store is full
#   Use 64 bit Java on a 64 bit OS
#   Decrease Java heap size (-Xmx/-Xms)
#   Decrease number of Java threads
#   Decrease Java thread stack sizes (-Xss)
#   Set larger code cache with -XX:ReservedCodeCacheSize=
# This output file may be truncated or incomplete.
#
#  Out of Memory Error (allocation.cpp:390), pid=8668, tid=0x000000000000184c
#
# JRE version: Java(TM) SE Runtime Environment (8.0_181-b13) (build 1.8.0_181-b13)
# Java VM: Java HotSpot(TM) 64-Bit Server VM (25.181-b13 mixed mode windows-amd64 compressed oops)
# Failed to write core dump. Minidumps are not enabled by default on client versions of Windows
#

---------------  T H R E A D  ---------------

Current thread (0x0000000017646800):  JavaThread "C2 CompilerThread0" daemon [_thread_in_native, id=6220, stack(0x00000000192d0000,0x00000000193d0000)]

Stack: [0x00000000192d0000,0x00000000193d0000]
[error occurred during error reporting (printing stack bounds), id 0xc0000005]

Native frames: (J=compiled Java code, j=interpreted, Vv=VM code, C=native code)


Current CompileTask:
C2:  22635 3825   !   4       sun.misc.URLClassPath$FileLoader::getResource (164 bytes)


---------------  P R O C E S S  ---------------

Java Threads: ( => current thread )
  0x000000001c0a2800 JavaThread "AWT-Windows" daemon [_thread_in_native, id=1168, stack(0x0000000020810000,0x0000000020910000)]
  0x000000001c09d800 JavaThread "Java2D Disposer" daemon [_thread_blocked, id=30656, stack(0x0000000020610000,0x0000000020710000)]
  0x000000001c0a3000 JavaThread "Okio Watchdog" daemon [_thread_blocked, id=16492, stack(0x00000000203d0000,0x00000000204d0000)]
  0x000000001c0a1800 JavaThread "OkHttp ConnectionPool" daemon [_thread_blocked, id=22372, stack(0x00000000202d0000,0x00000000203d0000)]
  0x000000001bf8a800 JavaThread "ForkJoinPool.commonPool-worker-2" daemon [_thread_blocked, id=26972, stack(0x000000001fed0000,0x000000001ffd0000)]
  0x000000001d3ab800 JavaThread "Exec Stream Pumper" daemon [_thread_in_native, id=29600, stack(0x000000001fbd0000,0x000000001fcd0000)]
  0x000000001c122800 JavaThread "Exec Stream Pumper" daemon [_thread_in_native, id=13212, stack(0x000000001fad0000,0x000000001fbd0000)]
  0x000000001d3a9800 JavaThread "UrlChecker-2" daemon [_thread_blocked, id=28484, stack(0x000000001f8d0000,0x000000001f9d0000)]
  0x000000001c123800 JavaThread "Exec Default Executor" daemon [_thread_in_native, id=432, stack(0x000000001c570000,0x000000001c670000)]
  0x0000000019543800 JavaThread "Service Thread" daemon [_thread_blocked, id=17120, stack(0x00000000199d0000,0x0000000019ad0000)]
  0x00000000194d0800 JavaThread "C1 CompilerThread2" daemon [_thread_blocked, id=9192, stack(0x00000000198d0000,0x00000000199d0000)]
  0x0000000017648800 JavaThread "C2 CompilerThread1" daemon [_thread_in_native, id=19872, stack(0x00000000193d0000,0x00000000194d0000)]
=>0x0000000017646800 JavaThread "C2 CompilerThread0" daemon [_thread_in_native, id=6220, stack(0x00000000192d0000,0x00000000193d0000)]
  0x0000000017643800 JavaThread "Attach Listener" daemon [_thread_blocked, id=15160, stack(0x00000000191d0000,0x00000000192d0000)]
  0x0000000017642800 JavaThread "Signal Dispatcher" daemon [_thread_blocked, id=30308, stack(0x00000000190d0000,0x00000000191d0000)]
  0x000000001762a000 JavaThread "Finalizer" daemon [_thread_blocked, id=11220, stack(0x0000000018eb0000,0x0000000018fb0000)]
  0x0000000017620800 JavaThread "Reference Handler" daemon [_thread_blocked, id=24988, stack(0x0000000018db0000,0x0000000018eb0000)]
  0x00000000026df000 JavaThread "main" [_thread_in_Java, id=20148, stack(0x00000000025d0000,0x00000000026d0000)]

Other Threads:
  0x00000000175fa800 VMThread [stack: 0x0000000018cb0000,0x0000000018db0000] [id=12428]
  0x0000000019581800 WatcherThread [stack: 0x0000000019ad0000,0x0000000019bd0000] [id=4396]

VM state:not at safepoint (normal execution)

VM Mutex/Monitor currently owned by a thread: None

Heap:
 PSYoungGen      total 183296K, used 74589K [0x00000000d5580000, 0x00000000e1b80000, 0x0000000100000000)
  eden space 175616K, 38% used [0x00000000d5580000,0x00000000d9714450,0x00000000e0100000)
  from space 7680K, 96% used [0x00000000e1400000,0x00000000e1b430a8,0x00000000e1b80000)
  to   space 10752K, 0% used [0x00000000e0680000,0x00000000e0680000,0x00000000e1100000)
 ParOldGen       total 69632K, used 13878K [0x0000000080000000, 0x0000000084400000, 0x00000000d5580000)
  object space 69632K, 19% used [0x0000000080000000,0x0000000080d8d958,0x0000000084400000)
 Metaspace       used 30810K, capacity 31914K, committed 32256K, reserved 1077248K
  class space    used 3688K, capacity 3985K, committed 4096K, reserved 1048576K

Card table byte_map: [0x0000000011b90000,0x0000000011fa0000] byte_map_base: 0x0000000011790000

Marking Bits: (ParMarkBitMap*) 0x000000005e192d00
 Begin Bits: [0x0000000012850000, 0x0000000014850000)
 End Bits:   [0x0000000014850000, 0x0000000016850000)

Polling page: 0x0000000000800000

CodeCache: size=245760Kb used=12282Kb max_used=13728Kb free=233478Kb
 bounds [0x00000000027d0000, 0x0000000003550000, 0x00000000117d0000]
 total_blobs=4030 nmethods=3303 adapters=639
 compilation: enabled

Compilation events (10 events):
Event: 22.622 Thread 0x0000000017646800 3825   !   4       sun.misc.URLClassPath$FileLoader::getResource (164 bytes)
Event: 22.622 Thread 0x00000000194d0800 nmethod 3828 0x0000000002affe50 code [0x0000000002afffe0, 0x0000000002b00430]
Event: 22.622 Thread 0x00000000194d0800 3829       3       org.codehaus.groovy.ast.Parameter::setType (27 bytes)
Event: 22.623 Thread 0x00000000194d0800 nmethod 3829 0x0000000002e89950 code [0x0000000002e89aa0, 0x0000000002e89c90]
Event: 22.625 Thread 0x00000000194d0800 3831       3       sun.net.www.MessageHeader::grow (92 bytes)
Event: 22.625 Thread 0x00000000194d0800 nmethod 3831 0x0000000002cd8cd0 code [0x0000000002cd8e60, 0x0000000002cd9398]
Event: 22.629 Thread 0x00000000194d0800 3832       3       sun.misc.URLClassPath$JarLoader$3::run (5 bytes)
Event: 22.629 Thread 0x00000000194d0800 nmethod 3832 0x00000000030cea50 code [0x00000000030cebc0, 0x00000000030cee88]
Event: 22.629 Thread 0x00000000194d0800 3833       3       sun.misc.URLClassPath$JarLoader$3::run (33 bytes)
Event: 22.629 Thread 0x00000000194d0800 nmethod 3833 0x0000000002979790 code [0x0000000002979900, 0x0000000002979b48]

GC Heap History (10 events):
Event: 1.286 GC heap before
{Heap before GC invocations=5 (full 0):
 PSYoungGen      total 70656K, used 70634K [0x00000000d5580000, 0x00000000d9f80000, 0x0000000100000000)
  eden space 65536K, 100% used [0x00000000d5580000,0x00000000d9580000,0x00000000d9580000)
  from space 5120K, 99% used [0x00000000d9a80000,0x00000000d9f7ab18,0x00000000d9f80000)
  to   space 5120K, 0% used [0x00000000d9580000,0x00000000d9580000,0x00000000d9a80000)
 ParOldGen       total 86016K, used 3629K [0x0000000080000000, 0x0000000085400000, 0x00000000d5580000)
  object space 86016K, 4% used [0x0000000080000000,0x000000008038b680,0x0000000085400000)
 Metaspace       used 20336K, capacity 20694K, committed 20864K, reserved 1067008K
  class space    used 2267K, capacity 2374K, committed 2432K, reserved 1048576K
Event: 1.292 GC heap after
Heap after GC invocations=5 (full 0):
 PSYoungGen      total 70656K, used 5110K [0x00000000d5580000, 0x00000000dea80000, 0x0000000100000000)
  eden space 65536K, 0% used [0x00000000d5580000,0x00000000d5580000,0x00000000d9580000)
  from space 5120K, 99% used [0x00000000d9580000,0x00000000d9a7d818,0x00000000d9a80000)
  to   space 10752K, 0% used [0x00000000de000000,0x00000000de000000,0x00000000dea80000)
 ParOldGen       total 86016K, used 9422K [0x0000000080000000, 0x0000000085400000, 0x00000000d5580000)
  object space 86016K, 10% used [0x0000000080000000,0x0000000080933aa0,0x0000000085400000)
 Metaspace       used 20336K, capacity 20694K, committed 20864K, reserved 1067008K
  class space    used 2267K, capacity 2374K, committed 2432K, reserved 1048576K
}
Event: 1.444 GC heap before
{Heap before GC invocations=6 (full 0):
 PSYoungGen      total 70656K, used 64587K [0x00000000d5580000, 0x00000000dea80000, 0x0000000100000000)
  eden space 65536K, 90% used [0x00000000d5580000,0x00000000d8f954b0,0x00000000d9580000)
  from space 5120K, 99% used [0x00000000d9580000,0x00000000d9a7d818,0x00000000d9a80000)
  to   space 10752K, 0% used [0x00000000de000000,0x00000000de000000,0x00000000dea80000)
 ParOldGen       total 86016K, used 9422K [0x0000000080000000, 0x0000000085400000, 0x00000000d5580000)
  object space 86016K, 10% used [0x0000000080000000,0x0000000080933aa0,0x0000000085400000)
 Metaspace       used 20790K, capacity 21134K, committed 21296K, reserved 1069056K
  class space    used 2309K, capacity 2414K, committed 2432K, reserved 1048576K
Event: 1.452 GC heap after
Heap after GC invocations=6 (full 0):
 PSYoungGen      total 141312K, used 9038K [0x00000000d5580000, 0x00000000deb80000, 0x0000000100000000)
  eden space 130560K, 0% used [0x00000000d5580000,0x00000000d5580000,0x00000000dd500000)
  from space 10752K, 84% used [0x00000000de000000,0x00000000de8d3ad8,0x00000000dea80000)
  to   space 11264K, 0% used [0x00000000dd500000,0x00000000dd500000,0x00000000de000000)
 ParOldGen       total 86016K, used 9430K [0x0000000080000000, 0x0000000085400000, 0x00000000d5580000)
  object space 86016K, 10% used [0x0000000080000000,0x0000000080935aa0,0x0000000085400000)
 Metaspace       used 20790K, capacity 21134K, committed 21296K, reserved 1069056K
  class space    used 2309K, capacity 2414K, committed 2432K, reserved 1048576K
}
Event: 1.452 GC heap before
{Heap before GC invocations=7 (full 1):
 PSYoungGen      total 141312K, used 9038K [0x00000000d5580000, 0x00000000deb80000, 0x0000000100000000)
  eden space 130560K, 0% used [0x00000000d5580000,0x00000000d5580000,0x00000000dd500000)
  from space 10752K, 84% used [0x00000000de000000,0x00000000de8d3ad8,0x00000000dea80000)
  to   space 11264K, 0% used [0x00000000dd500000,0x00000000dd500000,0x00000000de000000)
 ParOldGen       total 86016K, used 9430K [0x0000000080000000, 0x0000000085400000, 0x00000000d5580000)
  object space 86016K, 10% used [0x0000000080000000,0x0000000080935aa0,0x0000000085400000)
 Metaspace       used 20790K, capacity 21134K, committed 21296K, reserved 1069056K
  class space    used 2309K, capacity 2414K, committed 2432K, reserved 1048576K
Event: 1.494 GC heap after
Heap after GC invocations=7 (full 1):
 PSYoungGen      total 141312K, used 0K [0x00000000d5580000, 0x00000000deb80000, 0x0000000100000000)
  eden space 130560K, 0% used [0x00000000d5580000,0x00000000d5580000,0x00000000dd500000)
  from space 10752K, 0% used [0x00000000de000000,0x00000000de000000,0x00000000dea80000)
  to   space 11264K, 0% used [0x00000000dd500000,0x00000000dd500000,0x00000000de000000)
 ParOldGen       total 69632K, used 13862K [0x0000000080000000, 0x0000000084400000, 0x00000000d5580000)
  object space 69632K, 19% used [0x0000000080000000,0x0000000080d89958,0x0000000084400000)
 Metaspace       used 20790K, capacity 21134K, committed 21296K, reserved 1069056K
  class space    used 2309K, capacity 2414K, committed 2432K, reserved 1048576K
}
Event: 3.569 GC heap before
{Heap before GC invocations=8 (full 1):
 PSYoungGen      total 141312K, used 130560K [0x00000000d5580000, 0x00000000deb80000, 0x0000000100000000)
  eden space 130560K, 100% used [0x00000000d5580000,0x00000000dd500000,0x00000000dd500000)
  from space 10752K, 0% used [0x00000000de000000,0x00000000de000000,0x00000000dea80000)
  to   space 11264K, 0% used [0x00000000dd500000,0x00000000dd500000,0x00000000de000000)
 ParOldGen       total 69632K, used 13862K [0x0000000080000000, 0x0000000084400000, 0x00000000d5580000)
  object space 69632K, 19% used [0x0000000080000000,0x0000000080d89958,0x0000000084400000)
 Metaspace       used 26510K, capacity 27222K, committed 27392K, reserved 1073152K
  class space    used 3147K, capacity 3318K, committed 3328K, reserved 1048576K
Event: 3.575 GC heap after
Heap after GC invocations=8 (full 1):
 PSYoungGen      total 141824K, used 7321K [0x00000000d5580000, 0x00000000e1e80000, 0x0000000100000000)
  eden space 130560K, 0% used [0x00000000d5580000,0x00000000d5580000,0x00000000dd500000)
  from space 11264K, 64% used [0x00000000dd500000,0x00000000ddc26650,0x00000000de000000)
  to   space 10752K, 0% used [0x00000000e1400000,0x00000000e1400000,0x00000000e1e80000)
 ParOldGen       total 69632K, used 13870K [0x0000000080000000, 0x0000000084400000, 0x00000000d5580000)
  object space 69632K, 19% used [0x0000000080000000,0x0000000080d8b958,0x0000000084400000)
 Metaspace       used 26510K, capacity 27222K, committed 27392K, reserved 1073152K
  class space    used 3147K, capacity 3318K, committed 3328K, reserved 1048576K
}
Event: 18.867 GC heap before
{Heap before GC invocations=9 (full 1):
 PSYoungGen      total 141824K, used 137881K [0x00000000d5580000, 0x00000000e1e80000, 0x0000000100000000)
  eden space 130560K, 100% used [0x00000000d5580000,0x00000000dd500000,0x00000000dd500000)
  from space 11264K, 64% used [0x00000000dd500000,0x00000000ddc26650,0x00000000de000000)
  to   space 10752K, 0% used [0x00000000e1400000,0x00000000e1400000,0x00000000e1e80000)
 ParOldGen       total 69632K, used 13870K [0x0000000080000000, 0x0000000084400000, 0x00000000d5580000)
  object space 69632K, 19% used [0x0000000080000000,0x0000000080d8b958,0x0000000084400000)
 Metaspace       used 30605K, capacity 31642K, committed 31872K, reserved 1077248K
  class space    used 3681K, capacity 3968K, committed 3968K, reserved 1048576K
Event: 18.873 GC heap after
Heap after GC invocations=9 (full 1):
 PSYoungGen      total 183296K, used 7436K [0x00000000d5580000, 0x00000000e1b80000, 0x0000000100000000)
  eden space 175616K, 0% used [0x00000000d5580000,0x00000000d5580000,0x00000000e0100000)
  from space 7680K, 96% used [0x00000000e1400000,0x00000000e1b430a8,0x00000000e1b80000)
  to   space 10752K, 0% used [0x00000000e0680000,0x00000000e0680000,0x00000000e1100000)
 ParOldGen       total 69632K, used 13878K [0x0000000080000000, 0x0000000084400000, 0x00000000d5580000)
  object space 69632K, 19% used [0x0000000080000000,0x0000000080d8d958,0x0000000084400000)
 Metaspace       used 30605K, capacity 31642K, committed 31872K, reserved 1077248K
  class space    used 3681K, capacity 3968K, committed 3968K, reserved 1048576K
}

Deoptimization events (10 events):
Event: 6.422 Thread 0x00000000026df000 Uncommon trap: reason=unstable_if action=reinterpret pc=0x0000000002a6af64 method=java.util.HashMap.getNode(ILjava/lang/Object;)Ljava/util/HashMap$Node; @ 129
Event: 6.422 Thread 0x00000000026df000 Uncommon trap: reason=bimorphic action=maybe_recompile pc=0x0000000003238dc0 method=java.util.HashMap.putVal(ILjava/lang/Object;Ljava/lang/Object;ZZ)Ljava/lang/Object; @ 203
Event: 6.427 Thread 0x00000000026df000 Uncommon trap: reason=bimorphic action=maybe_recompile pc=0x0000000003238dc0 method=java.util.HashMap.putVal(ILjava/lang/Object;Ljava/lang/Object;ZZ)Ljava/lang/Object; @ 203
Event: 6.427 Thread 0x00000000026df000 Uncommon trap: reason=bimorphic action=maybe_recompile pc=0x0000000003238dc0 method=java.util.HashMap.putVal(ILjava/lang/Object;Ljava/lang/Object;ZZ)Ljava/lang/Object; @ 203
Event: 6.478 Thread 0x00000000026df000 Uncommon trap: reason=unstable_if action=reinterpret pc=0x00000000032b54ac method=java.lang.CharacterDataLatin1.digit(II)I @ 60
Event: 6.480 Thread 0x00000000026df000 Uncommon trap: reason=unstable_if action=reinterpret pc=0x00000000033801a8 method=groovy.lang.MetaClassImpl.checkIfStdMethod(Lgroovy/lang/MetaMethod;)V @ 9
Event: 6.488 Thread 0x00000000026df000 Uncommon trap: reason=unstable_if action=reinterpret pc=0x00000000031e2cac method=java.lang.CharacterDataLatin1.digit(II)I @ 60
Event: 6.560 Thread 0x00000000026df000 Uncommon trap: reason=bimorphic action=maybe_recompile pc=0x0000000002e35ff8 method=java.net.URL.<init>(Ljava/net/URL;Ljava/lang/String;Ljava/net/URLStreamHandler;)V @ 504
Event: 8.935 Thread 0x00000000026df000 Uncommon trap: reason=unstable_if action=reinterpret pc=0x00000000033d59b0 method=java.lang.Character.isHighSurrogate(C)Z @ 3
Event: 22.583 Thread 0x00000000026df000 Uncommon trap: reason=unstable_if action=reinterpret pc=0x00000000029619d8 method=sun.nio.cs.UTF_8$Encoder.encode([CII[B)I @ 33

Classes redefined (0 events):
No events

Internal exceptions (10 events):
Event: 22.257 Thread 0x00000000026df000 Exception <a 'java/net/SocketTimeoutException': Read timed out> (0x00000000d8dfd928) thrown at [C:\re\workspace\8-2-build-windows-amd64-cygwin\jdk8u181\11358\hotspot\src\share\vm\prims\jni.cpp, line 735]
Event: 22.585 Thread 0x00000000026df000 Exception <a 'java/net/SocketTimeoutException': Read timed out> (0x00000000d8e112b0) thrown at [C:\re\workspace\8-2-build-windows-amd64-cygwin\jdk8u181\11358\hotspot\src\share\vm\prims\jni.cpp, line 735]
Event: 22.628 Thread 0x00000000026df000 Exception <a 'java/security/PrivilegedActionException'> (0x00000000d90e30a8) thrown at [C:\re\workspace\8-2-build-windows-amd64-cygwin\jdk8u181\11358\hotspot\src\share\vm\prims\jvm.cpp, line 1435]
Event: 22.628 Thread 0x00000000026df000 Exception <a 'java/security/PrivilegedActionException'> (0x00000000d90e3688) thrown at [C:\re\workspace\8-2-build-windows-amd64-cygwin\jdk8u181\11358\hotspot\src\share\vm\prims\jvm.cpp, line 1435]
Event: 22.629 Thread 0x00000000026df000 Exception <a 'java/security/PrivilegedActionException'> (0x00000000d90eabe8) thrown at [C:\re\workspace\8-2-build-windows-amd64-cygwin\jdk8u181\11358\hotspot\src\share\vm\prims\jvm.cpp, line 1435]
Event: 22.629 Thread 0x00000000026df000 Exception <a 'java/security/PrivilegedActionException'> (0x00000000d90eb1c8) thrown at [C:\re\workspace\8-2-build-windows-amd64-cygwin\jdk8u181\11358\hotspot\src\share\vm\prims\jvm.cpp, line 1435]
Event: 22.632 Thread 0x00000000026df000 Exception <a 'java/security/PrivilegedActionException'> (0x00000000d925ac30) thrown at [C:\re\workspace\8-2-build-windows-amd64-cygwin\jdk8u181\11358\hotspot\src\share\vm\prims\jvm.cpp, line 1435]
Event: 22.632 Thread 0x00000000026df000 Exception <a 'java/security/PrivilegedActionException'> (0x00000000d925b210) thrown at [C:\re\workspace\8-2-build-windows-amd64-cygwin\jdk8u181\11358\hotspot\src\share\vm\prims\jvm.cpp, line 1435]
Event: 22.632 Thread 0x00000000026df000 Exception <a 'java/security/PrivilegedActionException'> (0x00000000d9261f50) thrown at [C:\re\workspace\8-2-build-windows-amd64-cygwin\jdk8u181\11358\hotspot\src\share\vm\prims\jvm.cpp, line 1435]
Event: 22.632 Thread 0x00000000026df000 Exception <a 'java/security/PrivilegedActionException'> (0x00000000d9262530) thrown at [C:\re\workspace\8-2-build-windows-amd64-cygwin\jdk8u181\11358\hotspot\src\share\vm\prims\jvm.cpp, line 1435]

Events (10 events):
Event: 22.632 loading class com/kms/katalon/core$testcase$TestCaseFactory
Event: 22.632 loading class com/kms/katalon/core$testcase$TestCaseFactory done
Event: 22.633 loading class com/kms/katalon/core/testcase$TestCaseFactory
Event: 22.633 loading class com/kms/katalon/core/testcase$TestCaseFactory done
Event: 22.633 loading class groovy/lang/GroovyObject$com$kms$katalon$core$testdata$TestDataFactory
Event: 22.633 loading class groovy/lang/GroovyObject$com$kms$katalon$core$testdata$TestDataFactory done
Event: 22.633 loading class groovy/lang/GroovyObject$java$lang$com$kms$katalon$core$testdata$TestDataFactory
Event: 22.633 loading class groovy/lang/GroovyObject$java$lang$com$kms$katalon$core$testdata$TestDataFactory done
Event: 22.633 loading class java/lang/com$kms$katalon$core$testdata$TestDataFactory
Event: 22.633 loading class java/lang/com$kms$katalon$core$testdata$TestDataFactory done


Dynamic libraries:
0x00007ff6d0130000 - 0x00007ff6d0167000 	D:\Utilisateurs\samandari\QA\Outils\Katalon_Studio_Windows_64-7.7.1\jre\bin\javaw.exe
0x00007ffac6880000 - 0x00007ffac6a6d000 	C:\WINDOWS\SYSTEM32\ntdll.dll
0x00007ffac51c0000 - 0x00007ffac5273000 	C:\WINDOWS\System32\KERNEL32.DLL
0x00007ffac3360000 - 0x00007ffac35f5000 	C:\WINDOWS\System32\KERNELBASE.dll
0x000000005fe00000 - 0x000000005fea6000 	C:\WINDOWS\System32\SYSFER.DLL
0x00007ffac3c10000 - 0x00007ffac3cb3000 	C:\WINDOWS\System32\ADVAPI32.dll
0x00007ffac5d70000 - 0x00007ffac5e0e000 	C:\WINDOWS\System32\msvcrt.dll
0x00007ffac6330000 - 0x00007ffac63ce000 	C:\WINDOWS\System32\sechost.dll
0x00007ffac5650000 - 0x00007ffac5772000 	C:\WINDOWS\System32\RPCRT4.dll
0x00007ffac5330000 - 0x00007ffac54c7000 	C:\WINDOWS\System32\USER32.dll
0x00007ffac3130000 - 0x00007ffac3150000 	C:\WINDOWS\System32\win32u.dll
0x00007ffac5850000 - 0x00007ffac5879000 	C:\WINDOWS\System32\GDI32.dll
0x00007ffac3900000 - 0x00007ffac3a9b000 	C:\WINDOWS\System32\gdi32full.dll
0x00007ffac3090000 - 0x00007ffac3130000 	C:\WINDOWS\System32\msvcp_win.dll
0x00007ffac3800000 - 0x00007ffac38fa000 	C:\WINDOWS\System32\ucrtbase.dll
0x00007ffab83d0000 - 0x00007ffab8649000 	C:\WINDOWS\WinSxS\amd64_microsoft.windows.common-controls_6595b64144ccf1df_6.0.17763.1339_none_de7015e4534c7114\COMCTL32.dll
0x00007ffac63d0000 - 0x00007ffac66fc000 	C:\WINDOWS\System32\combase.dll
0x00007ffac3780000 - 0x00007ffac37fe000 	C:\WINDOWS\System32\bcryptPrimitives.dll
0x00007ffac5280000 - 0x00007ffac52ae000 	C:\WINDOWS\System32\IMM32.DLL
0x000000005d360000 - 0x000000005d432000 	D:\Utilisateurs\samandari\QA\Outils\Katalon_Studio_Windows_64-7.7.1\jre\bin\msvcr100.dll
0x000000005d970000 - 0x000000005e212000 	D:\Utilisateurs\samandari\QA\Outils\Katalon_Studio_Windows_64-7.7.1\jre\bin\server\jvm.dll
0x00007ffac6840000 - 0x00007ffac6848000 	C:\WINDOWS\System32\PSAPI.DLL
0x00007ffabb990000 - 0x00007ffabb999000 	C:\WINDOWS\SYSTEM32\WSOCK32.dll
0x00007ffac5780000 - 0x00007ffac57ed000 	C:\WINDOWS\System32\WS2_32.dll
0x00007ffab4c50000 - 0x00007ffab4c74000 	C:\WINDOWS\SYSTEM32\WINMM.dll
0x00007ffaba220000 - 0x00007ffaba22a000 	C:\WINDOWS\SYSTEM32\VERSION.dll
0x00007ffab4c20000 - 0x00007ffab4c4d000 	C:\WINDOWS\SYSTEM32\WINMMBASE.dll
0x00007ffac3730000 - 0x00007ffac377a000 	C:\WINDOWS\System32\cfgmgr32.dll
0x000000005d880000 - 0x000000005d88f000 	D:\Utilisateurs\samandari\QA\Outils\Katalon_Studio_Windows_64-7.7.1\jre\bin\verify.dll
0x000000005d850000 - 0x000000005d879000 	D:\Utilisateurs\samandari\QA\Outils\Katalon_Studio_Windows_64-7.7.1\jre\bin\java.dll
0x000000005d830000 - 0x000000005d846000 	D:\Utilisateurs\samandari\QA\Outils\Katalon_Studio_Windows_64-7.7.1\jre\bin\zip.dll
0x00007ffac3cc0000 - 0x00007ffac51b8000 	C:\WINDOWS\System32\SHELL32.dll
0x00007ffac5e10000 - 0x00007ffac5eb9000 	C:\WINDOWS\System32\shcore.dll
0x00007ffac2930000 - 0x00007ffac3084000 	C:\WINDOWS\System32\windows.storage.dll
0x00007ffac28e0000 - 0x00007ffac2904000 	C:\WINDOWS\System32\profapi.dll
0x00007ffac2880000 - 0x00007ffac28dd000 	C:\WINDOWS\System32\powrprof.dll
0x00007ffac67e0000 - 0x00007ffac6832000 	C:\WINDOWS\System32\shlwapi.dll
0x00007ffac2860000 - 0x00007ffac2871000 	C:\WINDOWS\System32\kernel.appcore.dll
0x00007ffac36b0000 - 0x00007ffac36c7000 	C:\WINDOWS\System32\cryptsp.dll
0x000000005d810000 - 0x000000005d82a000 	D:\Utilisateurs\samandari\QA\Outils\Katalon_Studio_Windows_64-7.7.1\jre\bin\net.dll
0x00007ffac20c0000 - 0x00007ffac2127000 	C:\WINDOWS\system32\mswsock.dll
0x000000005d7f0000 - 0x000000005d801000 	D:\Utilisateurs\samandari\QA\Outils\Katalon_Studio_Windows_64-7.7.1\jre\bin\nio.dll
0x00007ffac1e20000 - 0x00007ffac1ee7000 	C:\WINDOWS\SYSTEM32\DNSAPI.dll
0x00007ffac5d60000 - 0x00007ffac5d68000 	C:\WINDOWS\System32\NSI.dll
0x00007ffac1de0000 - 0x00007ffac1e1d000 	C:\WINDOWS\SYSTEM32\IPHLPAPI.DLL
0x00007ffabc1c0000 - 0x00007ffabc1ca000 	C:\Windows\System32\rasadhlp.dll
0x00007ffabfa40000 - 0x00007ffabfab9000 	C:\WINDOWS\System32\fwpuclnt.dll
0x00007ffac3150000 - 0x00007ffac3176000 	C:\WINDOWS\System32\bcrypt.dll
0x000000005d7b0000 - 0x000000005d7d4000 	D:\Utilisateurs\samandari\QA\Outils\Katalon_Studio_Windows_64-7.7.1\jre\bin\sunec.dll
0x000000005d7a0000 - 0x000000005d7ab000 	D:\Utilisateurs\samandari\QA\Outils\Katalon_Studio_Windows_64-7.7.1\jre\bin\sunmscapi.dll
0x00007ffac3180000 - 0x00007ffac335c000 	C:\WINDOWS\System32\CRYPT32.dll
0x00007ffac2910000 - 0x00007ffac2922000 	C:\WINDOWS\System32\MSASN1.dll
0x00007ffabf4f0000 - 0x00007ffabf506000 	C:\WINDOWS\SYSTEM32\dhcpcsvc6.DLL
0x00007ffabf4a0000 - 0x00007ffabf4bc000 	C:\WINDOWS\SYSTEM32\dhcpcsvc.DLL
0x00007ffac1c40000 - 0x00007ffac1c73000 	C:\WINDOWS\system32\rsaenh.dll
0x00007ffac2750000 - 0x00007ffac2778000 	C:\WINDOWS\SYSTEM32\USERENV.dll
0x00007ffac2290000 - 0x00007ffac229c000 	C:\WINDOWS\SYSTEM32\CRYPTBASE.dll
0x00007ffaad870000 - 0x00007ffaad886000 	C:\WINDOWS\system32\napinsp.dll
0x00007ffaad850000 - 0x00007ffaad86a000 	C:\WINDOWS\system32\pnrpnsp.dll
0x00007ffaade40000 - 0x00007ffaade4e000 	C:\WINDOWS\System32\winrnr.dll
0x00007ffabdfb0000 - 0x00007ffabdfcb000 	C:\WINDOWS\system32\NLAapi.dll
0x00007ffabd630000 - 0x00007ffabd645000 	C:\WINDOWS\system32\wshbth.dll
0x000000005d5f0000 - 0x000000005d789000 	D:\Utilisateurs\samandari\QA\Outils\Katalon_Studio_Windows_64-7.7.1\jre\bin\awt.dll
0x00007ffac6000000 - 0x00007ffac60c4000 	C:\WINDOWS\System32\OLEAUT32.dll
0x00007ffab8210000 - 0x00007ffab829c000 	C:\WINDOWS\SYSTEM32\apphelp.dll
0x00007ffac0f40000 - 0x00007ffac0f6e000 	C:\WINDOWS\system32\DWMAPI.DLL
0x00007ffac0e20000 - 0x00007ffac0ebc000 	C:\WINDOWS\system32\uxtheme.dll
0x00007ffa85960000 - 0x00007ffa85a87000 	C:\WINDOWS\system32\opengl32.dll
0x00007ffaa1bf0000 - 0x00007ffaa1c1c000 	C:\WINDOWS\SYSTEM32\GLU32.dll
0x00007ffac3aa0000 - 0x00007ffac3c0d000 	C:\WINDOWS\System32\MSCTF.dll
0x00007ffac54d0000 - 0x00007ffac5625000 	C:\WINDOWS\System32\ole32.dll
0x00007ffa88e90000 - 0x00007ffa8902e000 	C:\WINDOWS\system32\d3d9.dll
0x00007ffab2900000 - 0x00007ffab2adc000 	C:\WINDOWS\System32\DriverStore\FileRepository\c0340776.inf_amd64_fae2e3bbfbec52d2\B340271\aticfx64.dll
0x00007ffa852f0000 - 0x00007ffa85321000 	C:\WINDOWS\System32\DriverStore\FileRepository\c0340776.inf_amd64_fae2e3bbfbec52d2\B340271\atiu9p64.dll
0x00007ffa7f570000 - 0x00007ffa802b6000 	C:\WINDOWS\System32\DriverStore\FileRepository\c0340776.inf_amd64_fae2e3bbfbec52d2\B340271\atiumd64.dll
0x000000005e510000 - 0x000000005f208000 	C:\WINDOWS\System32\DriverStore\FileRepository\c0340776.inf_amd64_fae2e3bbfbec52d2\B340271\atiumd6a.dll
0x00007ffab1530000 - 0x00007ffab155b000 	C:\WINDOWS\SYSTEM32\amdihk64.dll

VM Arguments:
jvm_args: -Dgroovy.home=/D:/Utilisateurs/samandari/QA/Outils/Katalon_Studio_Windows_64-7.7.1/plugins/org.codehaus.groovy_2.4.7.xx-201611170128-e46/ -Xmx2048m -Dfile.encoding=UTF-8 
java_command: org.codehaus.groovy.tools.GroovyStarter --classpath D:\Utilisateurs\samandari\Katalon Studio\POS\Include\scripts\groovy;D:\Utilisateurs\samandari\Katalon Studio\POS\Keywords;D:\Utilisateurs\samandari\Katalon Studio\POS\Libs;D:\Utilisateurs\samandari\Katalon Studio\POS\Test Listeners;D:\Utilisateurs\samandari\QA\Outils\Katalon_Studio_Windows_64-7.7.1\configuration\org.eclipse.osgi\24\0\.cp\resources\basic-report\katalon-studio-report-plugin.jar;D:\Utilisateurs\samandari\QA\Outils\Katalon_Studio_Windows_64-7.7.1\configuration\resources\lib\aalto-xml-1.0.0.jar;D:\Utilisateurs\samandari\QA\Outils\Katalon_Studio_Windows_64-7.7.1\configuration\resources\lib\aspectjweaver-1.9.1.jar;D:\Utilisateurs\samandari\QA\Outils\Katalon_Studio_Windows_64-7.7.1\configuration\resources\lib\bcpkix-jdk15on-1.58.jar;D:\Utilisateurs\samandari\QA\Outils\Katalon_Studio_Windows_64-7.7.1\configuration\resources\lib\bcprov-jdk15on-1.58.jar;D:\Utilisateurs\samandari\QA\Outils\Katalon_Studio_Windows_64-7.7.1\configuration\resources\lib\browsermob-core-2.1.5.jar;D:\Utilisateurs\samandari\QA\Outils\Katalon_Studio_Windows_64-7.7.1\configuration\resources\lib\cglib-3.2.10.jar;D:\Utilisateurs\samandari\QA\Outils\Katalon_Studio_Windows_64-7.7.1\configuration\resources\lib\commons-codec-1.10.jar;D:\Utilisateurs\samandari\QA\Outils\Katalon_Studio_Windows_64-7.7.1\configuration\resources\lib\commons-collections4-4.1.jar;D:\Utilisateurs\samandari\QA\Outils\Katalon_Studio_Windows_64-7.7.1\configuration\resources\lib\commons-validator-1.6.jar;D:\Utilisateurs\samandari\QA\Outils\Katalon_Studio_Windows_64-7.7.1\configuration\resources\lib\curvesapi-1.04.jar;D:\Utilisateurs\samandari\QA\Outils\Katalon_Studio_Windows_64-7.7.1\configuration\resources\lib\dnsjava-2.1.8.jar;D:\Utilisateurs\samandari\QA\Outils\Katalon_Studio_Windows_64-7.7.1\configuration\resources\lib\java-client-7.0.0.jar;D:\Utilisateurs\samandari\QA\Outils\Katalon_Studio_Windows_64-7.7.1\configuration\resources\lib\jna-4.1.0.jar;D:
java_class_path (initial): D:\Utilisateurs\samandari\Katalon Studio\POS\bin\keyword;D:\Utilisateurs\samandari\Katalon Studio\POS\bin\listener;D:\Utilisateurs\samandari\Katalon Studio\POS\bin\lib;D:\Utilisateurs\samandari\Katalon Studio\POS\bin\groovy;D:\Utilisateurs\samandari\Katalon Studio\POS\bin;D:\Utilisateurs\samandari\QA\Outils\Katalon_Studio_Windows_64-7.7.1\plugins\com.kms.katalon.core_1.0.0.202009220546.jar;D:\Utilisateurs\samandari\QA\Outils\Katalon_Studio_Windows_64-7.7.1\configuration\resources\lib\aalto-xml-1.0.0.jar;D:\Utilisateurs\samandari\QA\Outils\Katalon_Studio_Windows_64-7.7.1\configuration\resources\lib\aspectjweaver-1.9.1.jar;D:\Utilisateurs\samandari\QA\Outils\Katalon_Studio_Windows_64-7.7.1\configuration\resources\lib\bcpkix-jdk15on-1.58.jar;D:\Utilisateurs\samandari\QA\Outils\Katalon_Studio_Windows_64-7.7.1\configuration\resources\lib\bcprov-jdk15on-1.58.jar;D:\Utilisateurs\samandari\QA\Outils\Katalon_Studio_Windows_64-7.7.1\configuration\resources\lib\browsermob-core-2.1.5.jar;D:\Utilisateurs\samandari\QA\Outils\Katalon_Studio_Windows_64-7.7.1\configuration\resources\lib\cglib-3.2.10.jar;D:\Utilisateurs\samandari\QA\Outils\Katalon_Studio_Windows_64-7.7.1\configuration\resources\lib\commons-codec-1.10.jar;D:\Utilisateurs\samandari\QA\Outils\Katalon_Studio_Windows_64-7.7.1\configuration\resources\lib\commons-collections4-4.1.jar;D:\Utilisateurs\samandari\QA\Outils\Katalon_Studio_Windows_64-7.7.1\configuration\resources\lib\commons-validator-1.6.jar;D:\Utilisateurs\samandari\QA\Outils\Katalon_Studio_Windows_64-7.7.1\configuration\resources\lib\curvesapi-1.04.jar;D:\Utilisateurs\samandari\QA\Outils\Katalon_Studio_Windows_64-7.7.1\configuration\resources\lib\dnsjava-2.1.8.jar;D:\Utilisateurs\samandari\QA\Outils\Katalon_Studio_Windows_64-7.7.1\configuration\resources\lib\java-client-7.0.0.jar;D:\Utilisateurs\samandari\QA\Outils\Katalon_Studio_Windows_64-7.7.1\configuration\resources\lib\jna-4.1.0.jar;D:\Utilisateurs\samandari\QA\Outils\Katalon_
Launcher Type: SUN_STANDARD

Environment Variables:
PATH=D:/Utilisateurs/samandari/QA/Outils/Katalon_Studio_Windows_64-7.7.1/jre/bin/server;D:/Utilisateurs/samandari/QA/Outils/Katalon_Studio_Windows_64-7.7.1/jre/bin;D:/Utilisateurs/samandari/QA/Outils/Katalon_Studio_Windows_64-7.7.1/jre/lib/amd64;C:\Python27\;C:\Python27\Scripts;C:\WINDOWS\system32;C:\WINDOWS;C:\WINDOWS\System32\Wbem;C:\WINDOWS\System32\WindowsPowerShell\v1.0\;C:\Program Files\PuTTY\;C:\Program Files\Git\cmd;C:\Program Files\nodejs\;C:\ProgramData\chocolatey\bin;D:\Utilisateurs\samandari\AppData\Local\Microsoft\WindowsApps;;D:\Utilisateurs\samandari\QA\Outils\Katalon_Studio_Windows_64-7.7.1;
USERNAME=samandari
OS=Windows_NT
PROCESSOR_IDENTIFIER=Intel64 Family 6 Model 158 Stepping 10, GenuineIntel



---------------  S Y S T E M  ---------------

OS: Windows 10.0 , 64 bit Build 17763 (10.0.17763.1339)

CPU:total 6 (initial active 6) (6 cores per cpu, 1 threads per core) family 6 model 158 stepping 10, cmov, cx8, fxsr, mmx, sse, sse2, sse3, ssse3, sse4.1, sse4.2, popcnt, avx, avx2, aes, clmul, erms, rtm, 3dnowpref, lzcnt, tsc, tscinvbit, bmi1, bmi2, adx

Memory: 4k page, physical 8236320k(621380k free), swap 20720924k(5452k free)

vm_info: Java HotSpot(TM) 64-Bit Server VM (25.181-b13) for windows-amd64 JRE (1.8.0_181-b13), built on Jul  7 2018 04:01:33 by "java_re" with MS VC++ 10.0 (VS2010)

time: Fri Jan 08 16:16:57 2021
elapsed time: 22 seconds (0d 0h 0m 22s)

